<?xml version="1.0" encoding="UTF-8"?>
<testsuite xmlns:xsi="http://www.w3.org/2001/XMLSchema-instance" xsi:noNamespaceSchemaLocation="https://maven.apache.org/surefire/maven-surefire-plugin/xsd/surefire-test-report.xsd" version="3.0.2" name="com.humanlegion.pagetests.TestHomePage" time="21.889" tests="8" errors="0" skipped="0" failures="0">
  <properties>
[...]
</properties>
  <testcase name="testTimeDogzBanner" classname="com.humanlegion.pagetests.TestHomePage" time="5.909">
    <system-err><![CDATA[Mar 24, 2025 9:16:05 AM org.openqa.selenium.devtools.CdpVersionFinder findNearestMatch
WARNING: Unable to find an exact match for CDP version 133, returning the closest version; found: 132; Please update to a Selenium version that supports CDP version 133
]]></system-err>
  </testcase>
  <testcase name="testHomePageFooter" classname="com.humanlegion.pagetests.TestHomePage" time="3.997"/>
  <testcase name="testChimeraCompanyBanner" classname="com.humanlegion.pagetests.TestHomePage" time="1.362"/>
  <testcase name="testSleepingLegionBanner" classname="com.humanlegion.pagetests.TestHomePage" time="1.356"/>
  <testcase name="testRevengeSquadBanner" classname="com.humanlegion.pagetests.TestHomePage" time="1.613"/>
  <testcase name="testAnthologiesBanner" classname="com.humanlegion.pagetests.TestHomePage" time="1.675"/>
  <testcase name="testHumanLegionBanner" classname="com.humanlegion.pagetests.TestHomePage" time="1.757"/>
  <testcase name="test4HUBanner" classname="com.humanlegion.pagetests.TestHomePage" time="1.948"/>
</testsuite>